<?xml version="1.0" encoding="UTF-8"?>
<!-- Generated by org.testng.reporters.JUnitXMLReporter -->
<testsuite ignored="0" hostname="DESKTOP-B9KJEIH" failures="0" tests="1" name="Default test(failed)" time="0.101" errors="0" timestamp="2022-10-20T20:32:14 IST">
  <testcase classname="com.Flipkart.TestClass.TestBaseClass" name="@BeforeMethod setUp" time="-1.666278134713E9">
    <failure type="org.testng.TestNGException" message="
Parameter &amp;apos;browserName&amp;apos; is required by BeforeMethod on method setUp but has not been marked @Optional or defined
in C:\Users\SDK\eclipse-workspace\FlipkartProjectMavan\test-output\testng-failed.xml">
      <![CDATA[org.testng.TestNGException: 
Parameter 'browserName' is required by BeforeMethod on method setUp but has not been marked @Optional or defined
in C:\Users\SDK\eclipse-workspace\FlipkartProjectMavan\test-output\testng-failed.xml
at java.base/java.util.ArrayList.forEach(ArrayList.java:1511)
... Removed 28 stack frames]]>
    </failure>
  </testcase> <!-- @BeforeMethod setUp -->
  <testcase classname="com.Flipkart.TestClass.TestBaseClass" name="@AfterMethod tearDown" time="-1.666278134747E9">
    <skipped/>
  </testcase> <!-- @AfterMethod tearDown -->
  <testcase classname="com.Flipkart.TestClass.TC03_VerifyAddTOCartFunctionality" name="verifyAddTOCartFunctionality" time="0.0">
    <skipped/>
  </testcase> <!-- verifyAddTOCartFunctionality -->
</testsuite> <!-- Default test(failed) -->
