<?xml version="1.0" encoding="UTF-8"?>
<!-- Generated by org.testng.reporters.JUnitXMLReporter -->
<testsuite ignored="0" hostname="DESKTOP-B9KJEIH" failures="2" tests="3" name="Test" time="57.049" errors="0" timestamp="2022-10-20T19:50:26 IST">
  <testcase classname="com.Flipkart.TestClass.TC03_VerifyAddTOCartFunctionality" name="verifyAddTOCartFunctionality" time="0.068">
    <failure type="java.lang.IllegalArgumentException" message="Driver must be set">
      <![CDATA[java.lang.IllegalArgumentException: Driver must be set
at org.openqa.selenium.internal.Require.nonNull(Require.java:59)
at org.openqa.selenium.interactions.Actions.<init>(Actions.java:60)
at com.Flipkart.POMClass.HomePOMClass.<init>(HomePOMClass.java:32)
at com.Flipkart.TestClass.TC03_VerifyAddTOCartFunctionality.verifyAddTOCartFunctionality(TC03_VerifyAddTOCartFunctionality.java:17)
at java.base/java.util.concurrent.ThreadPoolExecutor.runWorker(ThreadPoolExecutor.java:1136)
at java.base/java.util.concurrent.ThreadPoolExecutor$Worker.run(ThreadPoolExecutor.java:635)
at java.base/java.lang.Thread.run(Thread.java:833)
... Removed 10 stack frames]]>
    </failure>
  </testcase> <!-- verifyAddTOCartFunctionality -->
  <testcase classname="com.Flipkart.TestClass.TC02_VerifyLogoutFunctionality" name="verifyLogoutFunctionality" time="0.01">
    <failure type="java.lang.IllegalArgumentException" message="Driver must be set">
      <![CDATA[java.lang.IllegalArgumentException: Driver must be set
at org.openqa.selenium.internal.Require.nonNull(Require.java:59)
at org.openqa.selenium.interactions.Actions.<init>(Actions.java:60)
at com.Flipkart.POMClass.HomePOMClass.<init>(HomePOMClass.java:32)
at com.Flipkart.TestClass.TC02_VerifyLogoutFunctionality.verifyLogoutFunctionality(TC02_VerifyLogoutFunctionality.java:15)
at java.base/java.util.concurrent.ThreadPoolExecutor.runWorker(ThreadPoolExecutor.java:1136)
at java.base/java.util.concurrent.ThreadPoolExecutor$Worker.run(ThreadPoolExecutor.java:635)
at java.base/java.lang.Thread.run(Thread.java:833)
... Removed 10 stack frames]]>
    </failure>
  </testcase> <!-- verifyLogoutFunctionality -->
  <testcase classname="com.Flipkart.TestClass.TC01_VerifyLoginFunctionality" name="verifyLoginFunctionality" time="0.008"/>
</testsuite> <!-- Test -->
