<?xml version="1.0" encoding="UTF-8"?>
<testng-results ignored="0" total="3" passed="1" failed="2" skipped="0">
  <reporter-output>
  </reporter-output>
  <suite started-at="2022-10-20T19:49:29 IST" name="Suite" finished-at="2022-10-20T19:50:26 IST" duration-ms="57049">
    <groups>
    </groups>
    <test started-at="2022-10-20T19:49:29 IST" name="Test" finished-at="2022-10-20T19:50:26 IST" duration-ms="57049">
      <class name="com.Flipkart.TestClass.TC02_VerifyLogoutFunctionality">
        <test-method is-config="true" signature="setUp(java.lang.String)[pri:0, instance:com.Flipkart.TestClass.TC02_VerifyLogoutFunctionality@54e1c68b]" started-at="2022-10-20T19:49:29 IST" name="setUp" finished-at="2022-10-20T19:50:22 IST" duration-ms="52811" status="PASS">
          <params>
            <param index="0">
              <value>
                <![CDATA[chrome]]>
              </value>
            </param>
          </params>
          <reporter-output>
          </reporter-output>
        </test-method> <!-- setUp -->
        <test-method signature="verifyLogoutFunctionality()[pri:0, instance:com.Flipkart.TestClass.TC02_VerifyLogoutFunctionality@54e1c68b]" started-at="2022-10-20T19:50:22 IST" name="verifyLogoutFunctionality" finished-at="2022-10-20T19:50:22 IST" duration-ms="10" status="FAIL">
          <exception class="java.lang.IllegalArgumentException">
            <message>
              <![CDATA[Driver must be set]]>
            </message>
            <full-stacktrace>
              <![CDATA[java.lang.IllegalArgumentException: Driver must be set
at org.openqa.selenium.internal.Require.nonNull(Require.java:59)
at org.openqa.selenium.interactions.Actions.<init>(Actions.java:60)
at com.Flipkart.POMClass.HomePOMClass.<init>(HomePOMClass.java:32)
at com.Flipkart.TestClass.TC02_VerifyLogoutFunctionality.verifyLogoutFunctionality(TC02_VerifyLogoutFunctionality.java:15)
at java.base/jdk.internal.reflect.DirectMethodHandleAccessor.invoke(DirectMethodHandleAccessor.java:104)
at java.base/java.lang.reflect.Method.invoke(Method.java:577)
at org.testng.internal.MethodInvocationHelper.invokeMethod(MethodInvocationHelper.java:133)
at org.testng.internal.TestInvoker.invokeMethod(TestInvoker.java:598)
at org.testng.internal.TestInvoker.invokeTestMethod(TestInvoker.java:173)
at org.testng.internal.MethodRunner.runInSequence(MethodRunner.java:46)
at org.testng.internal.TestInvoker$MethodInvocationAgent.invoke(TestInvoker.java:824)
at org.testng.internal.TestInvoker.invokeTestMethods(TestInvoker.java:146)
at org.testng.internal.TestMethodWorker.invokeTestMethods(TestMethodWorker.java:146)
at org.testng.internal.TestMethodWorker.run(TestMethodWorker.java:128)
at java.base/java.util.concurrent.ThreadPoolExecutor.runWorker(ThreadPoolExecutor.java:1136)
at java.base/java.util.concurrent.ThreadPoolExecutor$Worker.run(ThreadPoolExecutor.java:635)
at java.base/java.lang.Thread.run(Thread.java:833)
]]>
            </full-stacktrace>
          </exception> <!-- java.lang.IllegalArgumentException -->
          <reporter-output>
          </reporter-output>
        </test-method> <!-- verifyLogoutFunctionality -->
        <test-method is-config="true" signature="tearDown()[pri:0, instance:com.Flipkart.TestClass.TC02_VerifyLogoutFunctionality@54e1c68b]" started-at="2022-10-20T19:50:22 IST" name="tearDown" finished-at="2022-10-20T19:50:23 IST" duration-ms="647" status="PASS">
          <reporter-output>
          </reporter-output>
        </test-method> <!-- tearDown -->
      </class> <!-- com.Flipkart.TestClass.TC02_VerifyLogoutFunctionality -->
      <class name="com.Flipkart.TestClass.TC03_VerifyAddTOCartFunctionality">
        <test-method is-config="true" signature="setUp(java.lang.String)[pri:0, instance:com.Flipkart.TestClass.TC03_VerifyAddTOCartFunctionality@72e5a8e]" started-at="2022-10-20T19:49:29 IST" name="setUp" finished-at="2022-10-20T19:50:21 IST" duration-ms="51629" status="PASS">
          <params>
            <param index="0">
              <value>
                <![CDATA[chrome]]>
              </value>
            </param>
          </params>
          <reporter-output>
          </reporter-output>
        </test-method> <!-- setUp -->
        <test-method signature="verifyAddTOCartFunctionality()[pri:0, instance:com.Flipkart.TestClass.TC03_VerifyAddTOCartFunctionality@72e5a8e]" started-at="2022-10-20T19:50:21 IST" name="verifyAddTOCartFunctionality" finished-at="2022-10-20T19:50:21 IST" duration-ms="68" status="FAIL">
          <exception class="java.lang.IllegalArgumentException">
            <message>
              <![CDATA[Driver must be set]]>
            </message>
            <full-stacktrace>
              <![CDATA[java.lang.IllegalArgumentException: Driver must be set
at org.openqa.selenium.internal.Require.nonNull(Require.java:59)
at org.openqa.selenium.interactions.Actions.<init>(Actions.java:60)
at com.Flipkart.POMClass.HomePOMClass.<init>(HomePOMClass.java:32)
at com.Flipkart.TestClass.TC03_VerifyAddTOCartFunctionality.verifyAddTOCartFunctionality(TC03_VerifyAddTOCartFunctionality.java:17)
at java.base/jdk.internal.reflect.DirectMethodHandleAccessor.invoke(DirectMethodHandleAccessor.java:104)
at java.base/java.lang.reflect.Method.invoke(Method.java:577)
at org.testng.internal.MethodInvocationHelper.invokeMethod(MethodInvocationHelper.java:133)
at org.testng.internal.TestInvoker.invokeMethod(TestInvoker.java:598)
at org.testng.internal.TestInvoker.invokeTestMethod(TestInvoker.java:173)
at org.testng.internal.MethodRunner.runInSequence(MethodRunner.java:46)
at org.testng.internal.TestInvoker$MethodInvocationAgent.invoke(TestInvoker.java:824)
at org.testng.internal.TestInvoker.invokeTestMethods(TestInvoker.java:146)
at org.testng.internal.TestMethodWorker.invokeTestMethods(TestMethodWorker.java:146)
at org.testng.internal.TestMethodWorker.run(TestMethodWorker.java:128)
at java.base/java.util.concurrent.ThreadPoolExecutor.runWorker(ThreadPoolExecutor.java:1136)
at java.base/java.util.concurrent.ThreadPoolExecutor$Worker.run(ThreadPoolExecutor.java:635)
at java.base/java.lang.Thread.run(Thread.java:833)
]]>
            </full-stacktrace>
          </exception> <!-- java.lang.IllegalArgumentException -->
          <reporter-output>
          </reporter-output>
        </test-method> <!-- verifyAddTOCartFunctionality -->
        <test-method is-config="true" signature="tearDown()[pri:0, instance:com.Flipkart.TestClass.TC03_VerifyAddTOCartFunctionality@72e5a8e]" started-at="2022-10-20T19:50:21 IST" name="tearDown" finished-at="2022-10-20T19:50:23 IST" duration-ms="1705" status="PASS">
          <reporter-output>
          </reporter-output>
        </test-method> <!-- tearDown -->
      </class> <!-- com.Flipkart.TestClass.TC03_VerifyAddTOCartFunctionality -->
      <class name="com.Flipkart.TestClass.TC01_VerifyLoginFunctionality">
        <test-method is-config="true" signature="setUp(java.lang.String)[pri:0, instance:com.Flipkart.TestClass.TC01_VerifyLoginFunctionality@3ee37e5a]" started-at="2022-10-20T19:49:29 IST" name="setUp" finished-at="2022-10-20T19:50:26 IST" duration-ms="56433" status="PASS">
          <params>
            <param index="0">
              <value>
                <![CDATA[chrome]]>
              </value>
            </param>
          </params>
          <reporter-output>
          </reporter-output>
        </test-method> <!-- setUp -->
        <test-method signature="verifyLoginFunctionality()[pri:0, instance:com.Flipkart.TestClass.TC01_VerifyLoginFunctionality@3ee37e5a]" started-at="2022-10-20T19:50:26 IST" name="verifyLoginFunctionality" finished-at="2022-10-20T19:50:26 IST" duration-ms="8" status="PASS">
          <reporter-output>
          </reporter-output>
        </test-method> <!-- verifyLoginFunctionality -->
        <test-method is-config="true" signature="tearDown()[pri:0, instance:com.Flipkart.TestClass.TC01_VerifyLoginFunctionality@3ee37e5a]" started-at="2022-10-20T19:50:26 IST" name="tearDown" finished-at="2022-10-20T19:50:26 IST" duration-ms="531" status="PASS">
          <reporter-output>
          </reporter-output>
        </test-method> <!-- tearDown -->
      </class> <!-- com.Flipkart.TestClass.TC01_VerifyLoginFunctionality -->
    </test> <!-- Test -->
  </suite> <!-- Suite -->
</testng-results>
